<?xml version="1.0" encoding="UTF-8"?>
<testsuite name="HelloWorldTest" tests="2" skipped="0" failures="0" errors="0" timestamp="2020-03-27T13:19:06" hostname="Janhavis-MacBook-Pro.local" time="0.002">
  <properties/>
  <testcase name="addTwoNumbers" classname="HelloWorldTest" time="0.001"/>
  <testcase name="concatTwoWords" classname="HelloWorldTest" time="0.001"/>
  <system-out><![CDATA[]]></system-out>
  <system-err><![CDATA[]]></system-err>
</testsuite>
